  Box.cpp
  Camera.cpp
C:\Users\user\OneDrive\Desktop\Server_Last\Client\Engine\Input.h(81,1): warning C4311: '형식 캐스트': 'const char *'에서 'uint32'(으)로 포인터가 잘립니다.
C:\Users\user\OneDrive\Desktop\Server_Last\Client\Engine\Camera.cpp(16): message : 컴파일되는 함수 템플릿 인스턴스화 'void Input::AddKey<char[10],char>(const T (&),const char &)'에 대한 참조를 확인하세요.
          with
          [
              T=char [10]
          ]
C:\Users\user\OneDrive\Desktop\Server_Last\Client\Engine\Input.h(81,1): warning C4302: '형식 캐스트': 'const char *'에서 'uint32'(으)로 잘립니다.
  CoreGlobal.cpp
  Device.cpp
  DirectoryManager.cpp
  Engine.cpp
  GameObject.cpp
  Input.cpp
C:\Users\user\OneDrive\Desktop\Server_Last\Client\Engine\Input.h(71,1): warning C4311: '형식 캐스트': 'const char *'에서 'uint32'(으)로 포인터가 잘립니다.
C:\Users\user\OneDrive\Desktop\Server_Last\Client\Engine\Input.h(81): message : 컴파일되는 함수 템플릿 인스턴스화 'void Input::AddKey<char[8]>(const T (&))'에 대한 참조를 확인하세요.
          with
          [
              T=char [8]
          ]
C:\Users\user\OneDrive\Desktop\Server_Last\Client\Engine\Input.cpp(10): message : 컴파일되는 함수 템플릿 인스턴스화 'void Input::AddKey<char,char[8]>(const T &,const char (&)[8])'에 대한 참조를 확인하세요.
          with
          [
              T=char
          ]
C:\Users\user\OneDrive\Desktop\Server_Last\Client\Engine\Input.h(71,1): warning C4302: '형식 캐스트': 'const char *'에서 'uint32'(으)로 잘립니다.
  Light.cpp
  Mesh.cpp
C:\Users\user\OneDrive\Desktop\Server_Last\Client\Engine\Mesh.cpp(44,7): warning C4996: 'strcat': This function or variable may be unsafe. Consider using strcat_s instead. To disable deprecation, use _CRT_SECURE_NO_WARNINGS. See online help for details.
C:\Users\user\OneDrive\Desktop\Server_Last\Client\Engine\Mesh.cpp(45,7): warning C4996: 'strcat': This function or variable may be unsafe. Consider using strcat_s instead. To disable deprecation, use _CRT_SECURE_NO_WARNINGS. See online help for details.
C:\Users\user\OneDrive\Desktop\Server_Last\Client\Engine\Mesh.cpp(65,24): warning C4244: '인수': 'uint64'에서 'DWORD'(으)로 변환하면서 데이터가 손실될 수 있습니다.
C:\Users\user\OneDrive\Desktop\Server_Last\Client\Engine\Mesh.cpp(103,33): warning C4267: '=': 'size_t'에서 'int32'(으)로 변환하면서 데이터가 손실될 수 있습니다.
C:\Users\user\OneDrive\Desktop\Server_Last\Client\Engine\Mesh.cpp(115,31): warning C4267: '=': 'size_t'에서 'int32'(으)로 변환하면서 데이터가 손실될 수 있습니다.
  Method.cpp
  PathManager.cpp
C:\Users\user\OneDrive\Desktop\Server_Last\Client\Engine\PathManager.cpp(11,2): warning C4267: '초기화 중': 'size_t'에서 'int32'(으)로 변환하면서 데이터가 손실될 수 있습니다.
C:\Users\user\OneDrive\Desktop\Server_Last\Client\Engine\PathManager.cpp(63): warning C4172: 지역 변수 또는 임시의 주소를 반환하고 있습니다.
C:\Users\user\OneDrive\Desktop\Server_Last\Client\Engine\PathManager.cpp(52): warning C4172: 지역 변수 또는 임시의 주소를 반환하고 있습니다.
C:\Users\user\OneDrive\Desktop\Server_Last\Client\Engine\PathManager.cpp(69): warning C4172: 지역 변수 또는 임시의 주소를 반환하고 있습니다.
  Quad.cpp
  ResourcesManager.cpp
  Scene.cpp
  SceneManager.cpp
  Sphere.cpp
  Texture.cpp
  Timer.cpp
  Torus.cpp
  Transform.cpp
  Triangle.cpp
  TypeInfo.cpp
  pch.cpp
  Engine.vcxproj -> C:\Users\user\OneDrive\Desktop\Server_Last\Client\Output\Engine.lib
